#
# A fatal error has been detected by the Java Runtime Environment:
#
#  SIGBUS (0xa) at pc=0x0000000103f7f0b7, pid=543, tid=17431
#
# JRE version: Java(TM) SE Runtime Environment (7.0_60-b19) (build 1.7.0_60-b19)
# Java VM: Java HotSpot(TM) 64-Bit Server VM (24.60-b09 mixed mode bsd-amd64 compressed oops)
# Problematic frame:
# C  [libzip.dylib+0x30b7]  newEntry+0x154
#
# Failed to write core dump. Core dumps have been disabled. To enable core dumping, try "ulimit -c unlimited" before starting Java again
#
# If you would like to submit a bug report, please visit:
#   http://bugreport.sun.com/bugreport/crash.jsp
# The crash happened outside the Java Virtual Machine in native code.
# See problematic frame for where to report the bug.
#

---------------  T H R E A D  ---------------

Current thread (0x00007ff5ef0b3000):  JavaThread "pool-4-thread-4" [_thread_in_native, id=17431, stack(0x0000000110d97000,0x0000000110e97000)]

siginfo:si_signo=SIGBUS: si_errno=0, si_code=2 (BUS_ADRERR), si_addr=0x000000010fc32a46

Registers:
RAX=0x00007ff5e9661680, RBX=0x000000010fc32a3a, RCX=0x00000000ffff0001, RDX=0x0000000000000000
RSP=0x0000000110e933f0, RBP=0x0000000110e93450, RSI=0x0000000000000048, RDI=0x0000000103e0f600
R8 =0x0000000000000001, R9 =0x0000000000000029, R10=0x0000000105bd7258, R11=0xfffffff9169d1d4e
R12=0x0000000000002850, R13=0x00007ff5ea102800, R14=0x00007ff5e9661680, R15=0x0000000000000000
RIP=0x0000000103f7f0b7, EFLAGS=0x0000000000010206, ERR=0x0000000000000004
  TRAPNO=0x000000000000000e

Top of Stack: (sp=0x0000000110e933f0)
0x0000000110e933f0:   0000000110e93ab0 0000000010e93460
0x0000000110e93400:   0000000110e93460 000000079b049203
0x0000000110e93410:   0000000110e93430 00007ff5e9661680
0x0000000110e93420:   00007ff5eb609b50 00000000d5d18ca7
0x0000000110e93430:   0000000000002850 00007ff5ea102800
0x0000000110e93440:   00007ff5e9661680 0000000000000000
0x0000000110e93450:   0000000110e934a0 0000000103f7f725
0x0000000110e93460:   0000000000000029 00000000ef0b3000
0x0000000110e93470:   0000000110e934be 0000000110e93908
0x0000000110e93480:   0000000000000029 0000000110e934be
0x0000000110e93490:   00007ff5e9661680 00007ff5ef0b31e8
0x0000000110e934a0:   0000000110e938f0 0000000103f7e570
0x0000000110e934b0:   0000000000000029 726f000000000000
0x0000000110e934c0:   6568636170612f67 756c702f7976692f
0x0000000110e934d0:   7261702f736e6967 2f6c6d782f726573
0x0000000110e934e0:   006473782e797669 00007ff5ef0b31e8
0x0000000110e934f0:   0000000110e93940 0000000103f7e570
0x0000000110e93500:   0000000000000029 726f000100000000
0x0000000110e93510:   6568636170612f67 756c702f7976692f
0x0000000110e93520:   7261702f736e6967 2f6c6d782f726573
0x0000000110e93530:   006473782e797669 726f7ff500000001
0x0000000110e93540:   6568636170612f67 756c702f7976692f
0x0000000110e93550:   7261702f736e6967 2f6c6d782f726573
0x0000000110e93560:   006473782e797669 0000000110e93740
0x0000000110e93570:   00000007a1888268 00000007fa4a9af8
0x0000000110e93580:   00000007a1888268 00007ff5f004a370
0x0000000110e93590:   0000000110e937f0 0000000110e93680
0x0000000110e935a0:   0000000110e935e0 00007ff5f0010170
0x0000000110e935b0:   0000000110e936e0 0000000110010168
0x0000000110e935c0:   0000000110e935a9 0000000110e93578
0x0000000110e935d0:   0000000110e935b9 0000000800000002
0x0000000110e935e0:   00007ff5eb5cc800 00007ff5f012d090 

Instructions: (pc=0x0000000103f7f0b7)
0x0000000103f7f097:   49 8b 7f 38 e8 9c 1a 00 00 4d 89 77 38 49 89 5f
0x0000000103f7f0a7:   40 4c 89 f0 48 85 c0 0f 84 16 05 00 00 48 89 c3
0x0000000103f7f0b7:   0f b6 43 0c 0f b6 4b 0d 48 c1 e1 08 48 01 c1 0f
0x0000000103f7f0c7:   b6 43 0e 0f b6 53 0f 48 c1 e2 08 48 01 c2 48 c1 

Register to memory mapping:

RAX=0x00007ff5e9661680 is an unknown value
RBX=0x000000010fc32a3a is an unknown value
RCX=0x00000000ffff0001 is an unknown value
RDX=0x0000000000000000 is an unknown value
RSP=0x0000000110e933f0 is pointing into the stack for thread: 0x00007ff5ef0b3000
RBP=0x0000000110e93450 is pointing into the stack for thread: 0x00007ff5ef0b3000
RSI=0x0000000000000048 is an unknown value
RDI=0x0000000103e0f600 is an unknown value
R8 =0x0000000000000001 is an unknown value
R9 =0x0000000000000029 is an unknown value
R10=0x0000000105bd7258 is at entry_point+88 in (nmethod*)0x0000000105bd7090
R11=0xfffffff9169d1d4e is an unknown value
R12=0x0000000000002850 is an unknown value
R13=0x00007ff5ea102800 is an unknown value
R14=0x00007ff5e9661680 is an unknown value
R15=0x0000000000000000 is an unknown value


Stack: [0x0000000110d97000,0x0000000110e97000],  sp=0x0000000110e933f0,  free space=1008k
Native frames: (J=compiled Java code, j=interpreted, Vv=VM code, C=native code)
C  [libzip.dylib+0x30b7]  newEntry+0x154
C  [libzip.dylib+0x3725]  ZIP_GetEntry+0xa2
C  [libzip.dylib+0x2570]  Java_java_util_zip_ZipFile_getEntry+0xdd
J 31  java.util.zip.ZipFile.getEntry(J[BZ)J (0 bytes) @ 0x0000000105bd72ce [0x0000000105bd7200+0xce]
j  java.util.zip.ZipFile.getInputStream(Ljava/util/zip/ZipEntry;)Ljava/io/InputStream;+88
j  java.util.jar.JarFile.getInputStream(Ljava/util/zip/ZipEntry;)Ljava/io/InputStream;+13
j  sun.net.www.protocol.jar.JarURLConnection.getInputStream()Ljava/io/InputStream;+88
j  org.apache.ivy.util.url.BasicURLHandler.disconnect(Ljava/net/URLConnection;)V+45
j  org.apache.ivy.util.url.BasicURLHandler.openStream(Ljava/net/URL;)Ljava/io/InputStream;+212
j  org.apache.ivy.util.XMLHelper.parse(Lorg/xml/sax/InputSource;Ljava/net/URL;Lorg/xml/sax/helpers/DefaultHandler;Lorg/xml/sax/ext/LexicalHandler;)V+11
j  org.apache.ivy.util.XMLHelper.parse(Ljava/net/URL;Ljava/net/URL;Lorg/xml/sax/helpers/DefaultHandler;Lorg/xml/sax/ext/LexicalHandler;)V+36
j  org.apache.ivy.util.XMLHelper.parse(Ljava/net/URL;Ljava/net/URL;Lorg/xml/sax/helpers/DefaultHandler;)V+4
j  org.apache.ivy.plugins.parser.xml.XmlModuleDescriptorParser$Parser.parse()V+29
j  org.apache.ivy.plugins.parser.xml.XmlModuleDescriptorParser.parseDescriptor(Lorg/apache/ivy/plugins/parser/ParserSettings;Ljava/net/URL;Lorg/apache/ivy/plugins/repository/Resource;Z)Lorg/apache/ivy/core/module/descriptor/ModuleDescriptor;+28
j  org.apache.ivy.plugins.parser.AbstractModuleDescriptorParser.parseDescriptor(Lorg/apache/ivy/plugins/parser/ParserSettings;Ljava/net/URL;Z)Lorg/apache/ivy/core/module/descriptor/ModuleDescriptor;+12
j  org.apache.ivy.core.cache.DefaultRepositoryCacheManager$MyModuleDescriptorProvider.provideModule(Lorg/apache/ivy/plugins/parser/ParserSettings;Ljava/io/File;Z)Lorg/apache/ivy/core/module/descriptor/ModuleDescriptor;+16
j  org.apache.ivy.core.cache.ModuleDescriptorMemoryCache.getStale(Ljava/io/File;Lorg/apache/ivy/plugins/parser/ParserSettings;ZLorg/apache/ivy/core/cache/ModuleDescriptorProvider;)Lorg/apache/ivy/core/module/descriptor/ModuleDescriptor;+19
j  org.apache.ivy.core.cache.ModuleDescriptorMemoryCache.get(Ljava/io/File;Lorg/apache/ivy/plugins/parser/ParserSettings;ZLorg/apache/ivy/core/cache/ModuleDescriptorProvider;)Lorg/apache/ivy/core/module/descriptor/ModuleDescriptor;+20
j  org.apache.ivy.core.cache.DefaultRepositoryCacheManager.getMdFromCache(Lorg/apache/ivy/plugins/parser/xml/XmlModuleDescriptorParser;Lorg/apache/ivy/core/cache/CacheMetadataOptions;Ljava/io/File;)Lorg/apache/ivy/core/module/descriptor/ModuleDescriptor;+34
j  org.apache.ivy.core.cache.DefaultRepositoryCacheManager.doFindModuleInCache(Lorg/apache/ivy/core/module/id/ModuleRevisionId;Lorg/apache/ivy/core/cache/CacheMetadataOptions;Ljava/lang/String;)Lorg/apache/ivy/core/resolve/ResolvedModuleRevision;+199
j  org.apache.ivy.core.cache.DefaultRepositoryCacheManager.findModuleInCache(Lorg/apache/ivy/core/module/descriptor/DependencyDescriptor;Lorg/apache/ivy/core/module/id/ModuleRevisionId;Lorg/apache/ivy/core/cache/CacheMetadataOptions;Ljava/lang/String;)Lorg/apache/ivy/core/resolve/ResolvedModuleRevision;+89
j  sbt.IvySbt$$anon$2.findModuleInCache(Lorg/apache/ivy/core/module/descriptor/DependencyDescriptor;Lorg/apache/ivy/core/module/id/ModuleRevisionId;Lorg/apache/ivy/core/cache/CacheMetadataOptions;Ljava/lang/String;)Lorg/apache/ivy/core/resolve/ResolvedModuleRevision;+10
J 5489 C2 org.apache.ivy.plugins.resolver.ChainResolver.getDependency(Lorg/apache/ivy/core/module/descriptor/DependencyDescriptor;Lorg/apache/ivy/core/resolve/ResolveData;)Lorg/apache/ivy/core/resolve/ResolvedModuleRevision; (527 bytes) @ 0x000000010672e934 [0x000000010672e440+0x4f4]
J 5108 C2 org.apache.ivy.core.resolve.IvyNode.loadData(Ljava/lang/String;Lorg/apache/ivy/core/resolve/IvyNode;Ljava/lang/String;Ljava/lang/String;ZLorg/apache/ivy/core/resolve/IvyNodeUsage;)Z (1101 bytes) @ 0x00000001063a21a4 [0x00000001063a0b40+0x1664]
J 4698 C2 org.apache.ivy.core.resolve.ResolveEngine.fetchDependencies(Lorg/apache/ivy/core/resolve/VisitNode;Ljava/lang/String;Z)V (498 bytes) @ 0x000000010650fbe4 [0x000000010650f2c0+0x924]
J 4677 C2 org.apache.ivy.core.resolve.ResolveEngine.doFetchDependencies(Lorg/apache/ivy/core/resolve/VisitNode;Ljava/lang/String;)V (339 bytes) @ 0x00000001064e114c [0x00000001064e0be0+0x56c]
J 4698 C2 org.apache.ivy.core.resolve.ResolveEngine.fetchDependencies(Lorg/apache/ivy/core/resolve/VisitNode;Ljava/lang/String;Z)V (498 bytes) @ 0x0000000106510028 [0x000000010650f2c0+0xd68]
J 4677 C2 org.apache.ivy.core.resolve.ResolveEngine.doFetchDependencies(Lorg/apache/ivy/core/resolve/VisitNode;Ljava/lang/String;)V (339 bytes) @ 0x00000001064e114c [0x00000001064e0be0+0x56c]
J 4698 C2 org.apache.ivy.core.resolve.ResolveEngine.fetchDependencies(Lorg/apache/ivy/core/resolve/VisitNode;Ljava/lang/String;Z)V (498 bytes) @ 0x0000000106510028 [0x000000010650f2c0+0xd68]
J 4677 C2 org.apache.ivy.core.resolve.ResolveEngine.doFetchDependencies(Lorg/apache/ivy/core/resolve/VisitNode;Ljava/lang/String;)V (339 bytes) @ 0x00000001064e114c [0x00000001064e0be0+0x56c]
J 4698 C2 org.apache.ivy.core.resolve.ResolveEngine.fetchDependencies(Lorg/apache/ivy/core/resolve/VisitNode;Ljava/lang/String;Z)V (498 bytes) @ 0x0000000106510028 [0x000000010650f2c0+0xd68]
J 4677 C2 org.apache.ivy.core.resolve.ResolveEngine.doFetchDependencies(Lorg/apache/ivy/core/resolve/VisitNode;Ljava/lang/String;)V (339 bytes) @ 0x00000001064e114c [0x00000001064e0be0+0x56c]
J 4698 C2 org.apache.ivy.core.resolve.ResolveEngine.fetchDependencies(Lorg/apache/ivy/core/resolve/VisitNode;Ljava/lang/String;Z)V (498 bytes) @ 0x0000000106510028 [0x000000010650f2c0+0xd68]
J 4677 C2 org.apache.ivy.core.resolve.ResolveEngine.doFetchDependencies(Lorg/apache/ivy/core/resolve/VisitNode;Ljava/lang/String;)V (339 bytes) @ 0x00000001064e0e64 [0x00000001064e0be0+0x284]
J 4698 C2 org.apache.ivy.core.resolve.ResolveEngine.fetchDependencies(Lorg/apache/ivy/core/resolve/VisitNode;Ljava/lang/String;Z)V (498 bytes) @ 0x0000000106510028 [0x000000010650f2c0+0xd68]
J 4677 C2 org.apache.ivy.core.resolve.ResolveEngine.doFetchDependencies(Lorg/apache/ivy/core/resolve/VisitNode;Ljava/lang/String;)V (339 bytes) @ 0x00000001064e0e64 [0x00000001064e0be0+0x284]
J 4698 C2 org.apache.ivy.core.resolve.ResolveEngine.fetchDependencies(Lorg/apache/ivy/core/resolve/VisitNode;Ljava/lang/String;Z)V (498 bytes) @ 0x0000000106510028 [0x000000010650f2c0+0xd68]
J 4677 C2 org.apache.ivy.core.resolve.ResolveEngine.doFetchDependencies(Lorg/apache/ivy/core/resolve/VisitNode;Ljava/lang/String;)V (339 bytes) @ 0x00000001064e114c [0x00000001064e0be0+0x56c]
J 4698 C2 org.apache.ivy.core.resolve.ResolveEngine.fetchDependencies(Lorg/apache/ivy/core/resolve/VisitNode;Ljava/lang/String;Z)V (498 bytes) @ 0x0000000106510028 [0x000000010650f2c0+0xd68]
J 4677 C2 org.apache.ivy.core.resolve.ResolveEngine.doFetchDependencies(Lorg/apache/ivy/core/resolve/VisitNode;Ljava/lang/String;)V (339 bytes) @ 0x00000001064e1744 [0x00000001064e0be0+0xb64]
J 4698 C2 org.apache.ivy.core.resolve.ResolveEngine.fetchDependencies(Lorg/apache/ivy/core/resolve/VisitNode;Ljava/lang/String;Z)V (498 bytes) @ 0x000000010650fe40 [0x000000010650f2c0+0xb80]
J 4677 C2 org.apache.ivy.core.resolve.ResolveEngine.doFetchDependencies(Lorg/apache/ivy/core/resolve/VisitNode;Ljava/lang/String;)V (339 bytes) @ 0x00000001064e0e64 [0x00000001064e0be0+0x284]
J 4698 C2 org.apache.ivy.core.resolve.ResolveEngine.fetchDependencies(Lorg/apache/ivy/core/resolve/VisitNode;Ljava/lang/String;Z)V (498 bytes) @ 0x000000010650fe40 [0x000000010650f2c0+0xb80]
J 4677 C2 org.apache.ivy.core.resolve.ResolveEngine.doFetchDependencies(Lorg/apache/ivy/core/resolve/VisitNode;Ljava/lang/String;)V (339 bytes) @ 0x00000001064e0e64 [0x00000001064e0be0+0x284]
J 4698 C2 org.apache.ivy.core.resolve.ResolveEngine.fetchDependencies(Lorg/apache/ivy/core/resolve/VisitNode;Ljava/lang/String;Z)V (498 bytes) @ 0x0000000106510028 [0x000000010650f2c0+0xd68]
J 5438 C2 org.apache.ivy.core.resolve.ResolveEngine.getDependencies(Lorg/apache/ivy/core/module/descriptor/ModuleDescriptor;Lorg/apache/ivy/core/resolve/ResolveOptions;Lorg/apache/ivy/core/report/ResolveReport;)[Lorg/apache/ivy/core/resolve/IvyNode; (719 bytes) @ 0x00000001066d4880 [0x00000001066d2320+0x2560]
j  org.apache.ivy.core.resolve.ResolveEngine.resolve(Lorg/apache/ivy/core/module/descriptor/ModuleDescriptor;Lorg/apache/ivy/core/resolve/ResolveOptions;)Lorg/apache/ivy/core/report/ResolveReport;+304
j  org.apache.ivy.Ivy.resolve(Lorg/apache/ivy/core/module/descriptor/ModuleDescriptor;Lorg/apache/ivy/core/resolve/ResolveOptions;)Lorg/apache/ivy/core/report/ResolveReport;+10
j  sbt.IvyActions$.sbt$IvyActions$$resolve(Lscala/Enumeration$Value;Lorg/apache/ivy/Ivy;Lorg/apache/ivy/core/module/descriptor/DefaultModuleDescriptor;Ljava/lang/String;)Lscala/Tuple2;+57
j  sbt.IvyActions$$anonfun$update$1.apply(Lorg/apache/ivy/Ivy;Lorg/apache/ivy/core/module/descriptor/DefaultModuleDescriptor;Ljava/lang/String;)Lsbt/UpdateReport;+63
j  sbt.IvyActions$$anonfun$update$1.apply(Ljava/lang/Object;Ljava/lang/Object;Ljava/lang/Object;)Ljava/lang/Object;+13
j  sbt.IvySbt$Module$$anonfun$withModule$1.apply(Lorg/apache/ivy/Ivy;)Ljava/lang/Object;+19
j  sbt.IvySbt$Module$$anonfun$withModule$1.apply(Ljava/lang/Object;)Ljava/lang/Object;+5
j  sbt.IvySbt$$anonfun$withIvy$1.apply()Ljava/lang/Object;+44
j  sbt.IvySbt.sbt$IvySbt$$action$1(Lorg/apache/ivy/util/MessageLogger;Lscala/Function0;)Ljava/lang/Object;+16
j  sbt.IvySbt$$anon$3.call()Ljava/lang/Object;+12
j  xsbt.boot.Locks$GlobalLock.withChannel$1(Ljava/nio/channels/FileChannel;Ljava/util/concurrent/Callable;)Ljava/lang/Object;+61
j  xsbt.boot.Locks$GlobalLock.xsbt$boot$Locks$GlobalLock$$withChannelRetries$1(ILjava/nio/channels/FileChannel;Ljava/util/concurrent/Callable;)Ljava/lang/Object;+3
j  xsbt.boot.Locks$GlobalLock$$anonfun$withFileLock$1.apply(Ljava/lang/Object;)Ljava/lang/Object;+17
j  xsbt.boot.Using$.withResource(Ljava/io/Closeable;Lscala/Function1;)Ljava/lang/Object;+2
j  xsbt.boot.Using$.apply(Ljava/io/Closeable;Lscala/Function1;)Ljava/lang/Object;+2
j  xsbt.boot.Locks$GlobalLock.ignoringDeadlockAvoided(Ljava/util/concurrent/Callable;)Ljava/lang/Object;+40
j  xsbt.boot.Locks$GlobalLock.withLock(Ljava/util/concurrent/Callable;)Ljava/lang/Object;+21
j  xsbt.boot.Locks$.apply0(Ljava/io/File;Ljava/util/concurrent/Callable;)Ljava/lang/Object;+41
j  xsbt.boot.Locks$.apply(Ljava/io/File;Ljava/util/concurrent/Callable;)Ljava/lang/Object;+14
j  sbt.IvySbt.withDefaultLogger(Lorg/apache/ivy/util/MessageLogger;Lscala/Function0;)Ljava/lang/Object;+49
j  sbt.IvySbt.withIvy(Lorg/apache/ivy/util/MessageLogger;Lscala/Function1;)Ljava/lang/Object;+12
j  sbt.IvySbt.withIvy(Lsbt/Logger;Lscala/Function1;)Ljava/lang/Object;+10
j  sbt.IvySbt$Module.withModule(Lsbt/Logger;Lscala/Function3;)Ljava/lang/Object;+14
j  sbt.IvyActions$.update(Lsbt/IvySbt$Module;Lsbt/UpdateConfiguration;Lsbt/Logger;)Lsbt/UpdateReport;+11
j  sbt.Classpaths$$anonfun$sbt$Classpaths$$work$1$1.apply(Lsbt/HCons;)Lsbt/UpdateReport;+110
j  sbt.Classpaths$$anonfun$sbt$Classpaths$$work$1$1.apply(Ljava/lang/Object;)Ljava/lang/Object;+5
j  sbt.Classpaths$$anonfun$doWork$1$1$$anonfun$74.apply(Lsbt/HCons;Lscala/Option;)Lsbt/UpdateReport;+122
j  sbt.Classpaths$$anonfun$doWork$1$1$$anonfun$74.apply(Ljava/lang/Object;Ljava/lang/Object;)Ljava/lang/Object;+9
j  sbt.Tracked$$anonfun$lastOutput$1.apply(Ljava/lang/Object;)Ljava/lang/Object;+25
j  sbt.Classpaths$$anonfun$doWork$1$1.apply(ZLsbt/HCons;)Lsbt/UpdateReport;+58
j  sbt.Classpaths$$anonfun$doWork$1$1.apply(Ljava/lang/Object;Ljava/lang/Object;)Ljava/lang/Object;+9
j  sbt.Tracked$$anonfun$inputChanged$1.apply(Ljava/lang/Object;)Ljava/lang/Object;+39
j  sbt.Classpaths$.cachedUpdate(Ljava/io/File;Ljava/lang/String;Lsbt/IvySbt$Module;Lsbt/UpdateConfiguration;Lscala/Function1;ZZZLsbt/Logger;)Lsbt/UpdateReport;+102
j  sbt.Classpaths$$anonfun$updateTask$1.apply(Lsbt/KCons;)Lsbt/UpdateReport;+418
j  sbt.Classpaths$$anonfun$updateTask$1.apply(Ljava/lang/Object;)Ljava/lang/Object;+5
J 3783 C2 scala.Function1$$anonfun$compose$1.apply(Ljava/lang/Object;)Ljava/lang/Object; (20 bytes) @ 0x0000000105f69808 [0x0000000105f697a0+0x68]
j  sbt.$tilde$greater$$anonfun$$u2219$1.apply(Ljava/lang/Object;)Ljava/lang/Object;+13
j  sbt.std.Transform$$anon$4.work(Ljava/lang/Object;)Lscala/util/Either;+5
j  sbt.Execute$$anonfun$submit$1$$anonfun$apply$1.apply()Lscala/util/Either;+14
j  sbt.Execute$$anonfun$submit$1$$anonfun$apply$1.apply()Ljava/lang/Object;+1
j  sbt.ErrorHandling$.wideConvert(Lscala/Function0;)Lscala/util/Either;+7
j  sbt.Execute.work(Ljava/lang/Object;Lscala/Function0;Lsbt/CompletionService;)Lsbt/Completed;+14
j  sbt.Execute$$anonfun$submit$1.apply()Lsbt/Completed;+20
j  sbt.Execute$$anonfun$submit$1.apply()Ljava/lang/Object;+1
j  sbt.ConcurrentRestrictions$$anon$4$$anonfun$1.apply()Ljava/lang/Object;+4
j  sbt.CompletionService$$anon$2.call()Ljava/lang/Object;+4
j  java.util.concurrent.FutureTask.run()V+42
j  java.util.concurrent.Executors$RunnableAdapter.call()Ljava/lang/Object;+4
j  java.util.concurrent.FutureTask.run()V+42
J 4159 C2 java.util.concurrent.ThreadPoolExecutor.runWorker(Ljava/util/concurrent/ThreadPoolExecutor$Worker;)V (225 bytes) @ 0x0000000106346144 [0x0000000106345e20+0x324]
j  java.util.concurrent.ThreadPoolExecutor$Worker.run()V+5
j  java.lang.Thread.run()V+11
v  ~StubRoutines::call_stub
V  [libjvm.dylib+0x2db350]
...<more frames>...

Java frames: (J=compiled Java code, j=interpreted, Vv=VM code)
J 31  java.util.zip.ZipFile.getEntry(J[BZ)J (0 bytes) @ 0x0000000105bd7258 [0x0000000105bd7200+0x58]
j  java.util.zip.ZipFile.getInputStream(Ljava/util/zip/ZipEntry;)Ljava/io/InputStream;+88
j  java.util.jar.JarFile.getInputStream(Ljava/util/zip/ZipEntry;)Ljava/io/InputStream;+13
j  sun.net.www.protocol.jar.JarURLConnection.getInputStream()Ljava/io/InputStream;+88
j  org.apache.ivy.util.url.BasicURLHandler.disconnect(Ljava/net/URLConnection;)V+45
j  org.apache.ivy.util.url.BasicURLHandler.openStream(Ljava/net/URL;)Ljava/io/InputStream;+212
j  org.apache.ivy.util.XMLHelper.parse(Lorg/xml/sax/InputSource;Ljava/net/URL;Lorg/xml/sax/helpers/DefaultHandler;Lorg/xml/sax/ext/LexicalHandler;)V+11
j  org.apache.ivy.util.XMLHelper.parse(Ljava/net/URL;Ljava/net/URL;Lorg/xml/sax/helpers/DefaultHandler;Lorg/xml/sax/ext/LexicalHandler;)V+36
j  org.apache.ivy.util.XMLHelper.parse(Ljava/net/URL;Ljava/net/URL;Lorg/xml/sax/helpers/DefaultHandler;)V+4
j  org.apache.ivy.plugins.parser.xml.XmlModuleDescriptorParser$Parser.parse()V+29
j  org.apache.ivy.plugins.parser.xml.XmlModuleDescriptorParser.parseDescriptor(Lorg/apache/ivy/plugins/parser/ParserSettings;Ljava/net/URL;Lorg/apache/ivy/plugins/repository/Resource;Z)Lorg/apache/ivy/core/module/descriptor/ModuleDescriptor;+28
j  org.apache.ivy.plugins.parser.AbstractModuleDescriptorParser.parseDescriptor(Lorg/apache/ivy/plugins/parser/ParserSettings;Ljava/net/URL;Z)Lorg/apache/ivy/core/module/descriptor/ModuleDescriptor;+12
j  org.apache.ivy.core.cache.DefaultRepositoryCacheManager$MyModuleDescriptorProvider.provideModule(Lorg/apache/ivy/plugins/parser/ParserSettings;Ljava/io/File;Z)Lorg/apache/ivy/core/module/descriptor/ModuleDescriptor;+16
j  org.apache.ivy.core.cache.ModuleDescriptorMemoryCache.getStale(Ljava/io/File;Lorg/apache/ivy/plugins/parser/ParserSettings;ZLorg/apache/ivy/core/cache/ModuleDescriptorProvider;)Lorg/apache/ivy/core/module/descriptor/ModuleDescriptor;+19
j  org.apache.ivy.core.cache.ModuleDescriptorMemoryCache.get(Ljava/io/File;Lorg/apache/ivy/plugins/parser/ParserSettings;ZLorg/apache/ivy/core/cache/ModuleDescriptorProvider;)Lorg/apache/ivy/core/module/descriptor/ModuleDescriptor;+20
j  org.apache.ivy.core.cache.DefaultRepositoryCacheManager.getMdFromCache(Lorg/apache/ivy/plugins/parser/xml/XmlModuleDescriptorParser;Lorg/apache/ivy/core/cache/CacheMetadataOptions;Ljava/io/File;)Lorg/apache/ivy/core/module/descriptor/ModuleDescriptor;+34
j  org.apache.ivy.core.cache.DefaultRepositoryCacheManager.doFindModuleInCache(Lorg/apache/ivy/core/module/id/ModuleRevisionId;Lorg/apache/ivy/core/cache/CacheMetadataOptions;Ljava/lang/String;)Lorg/apache/ivy/core/resolve/ResolvedModuleRevision;+199
j  org.apache.ivy.core.cache.DefaultRepositoryCacheManager.findModuleInCache(Lorg/apache/ivy/core/module/descriptor/DependencyDescriptor;Lorg/apache/ivy/core/module/id/ModuleRevisionId;Lorg/apache/ivy/core/cache/CacheMetadataOptions;Ljava/lang/String;)Lorg/apache/ivy/core/resolve/ResolvedModuleRevision;+89
j  sbt.IvySbt$$anon$2.findModuleInCache(Lorg/apache/ivy/core/module/descriptor/DependencyDescriptor;Lorg/apache/ivy/core/module/id/ModuleRevisionId;Lorg/apache/ivy/core/cache/CacheMetadataOptions;Ljava/lang/String;)Lorg/apache/ivy/core/resolve/ResolvedModuleRevision;+10
J 5489 C2 org.apache.ivy.plugins.resolver.ChainResolver.getDependency(Lorg/apache/ivy/core/module/descriptor/DependencyDescriptor;Lorg/apache/ivy/core/resolve/ResolveData;)Lorg/apache/ivy/core/resolve/ResolvedModuleRevision; (527 bytes) @ 0x000000010672e934 [0x000000010672e440+0x4f4]
J 5108 C2 org.apache.ivy.core.resolve.IvyNode.loadData(Ljava/lang/String;Lorg/apache/ivy/core/resolve/IvyNode;Ljava/lang/String;Ljava/lang/String;ZLorg/apache/ivy/core/resolve/IvyNodeUsage;)Z (1101 bytes) @ 0x00000001063a21a4 [0x00000001063a0b40+0x1664]
J 4698 C2 org.apache.ivy.core.resolve.ResolveEngine.fetchDependencies(Lorg/apache/ivy/core/resolve/VisitNode;Ljava/lang/String;Z)V (498 bytes) @ 0x000000010650fbe4 [0x000000010650f2c0+0x924]
J 4677 C2 org.apache.ivy.core.resolve.ResolveEngine.doFetchDependencies(Lorg/apache/ivy/core/resolve/VisitNode;Ljava/lang/String;)V (339 bytes) @ 0x00000001064e114c [0x00000001064e0be0+0x56c]
J 4698 C2 org.apache.ivy.core.resolve.ResolveEngine.fetchDependencies(Lorg/apache/ivy/core/resolve/VisitNode;Ljava/lang/String;Z)V (498 bytes) @ 0x0000000106510028 [0x000000010650f2c0+0xd68]
J 4677 C2 org.apache.ivy.core.resolve.ResolveEngine.doFetchDependencies(Lorg/apache/ivy/core/resolve/VisitNode;Ljava/lang/String;)V (339 bytes) @ 0x00000001064e114c [0x00000001064e0be0+0x56c]
J 4698 C2 org.apache.ivy.core.resolve.ResolveEngine.fetchDependencies(Lorg/apache/ivy/core/resolve/VisitNode;Ljava/lang/String;Z)V (498 bytes) @ 0x0000000106510028 [0x000000010650f2c0+0xd68]
J 4677 C2 org.apache.ivy.core.resolve.ResolveEngine.doFetchDependencies(Lorg/apache/ivy/core/resolve/VisitNode;Ljava/lang/String;)V (339 bytes) @ 0x00000001064e114c [0x00000001064e0be0+0x56c]
J 4698 C2 org.apache.ivy.core.resolve.ResolveEngine.fetchDependencies(Lorg/apache/ivy/core/resolve/VisitNode;Ljava/lang/String;Z)V (498 bytes) @ 0x0000000106510028 [0x000000010650f2c0+0xd68]
J 4677 C2 org.apache.ivy.core.resolve.ResolveEngine.doFetchDependencies(Lorg/apache/ivy/core/resolve/VisitNode;Ljava/lang/String;)V (339 bytes) @ 0x00000001064e114c [0x00000001064e0be0+0x56c]
J 4698 C2 org.apache.ivy.core.resolve.ResolveEngine.fetchDependencies(Lorg/apache/ivy/core/resolve/VisitNode;Ljava/lang/String;Z)V (498 bytes) @ 0x0000000106510028 [0x000000010650f2c0+0xd68]
J 4677 C2 org.apache.ivy.core.resolve.ResolveEngine.doFetchDependencies(Lorg/apache/ivy/core/resolve/VisitNode;Ljava/lang/String;)V (339 bytes) @ 0x00000001064e0e64 [0x00000001064e0be0+0x284]
J 4698 C2 org.apache.ivy.core.resolve.ResolveEngine.fetchDependencies(Lorg/apache/ivy/core/resolve/VisitNode;Ljava/lang/String;Z)V (498 bytes) @ 0x0000000106510028 [0x000000010650f2c0+0xd68]
J 4677 C2 org.apache.ivy.core.resolve.ResolveEngine.doFetchDependencies(Lorg/apache/ivy/core/resolve/VisitNode;Ljava/lang/String;)V (339 bytes) @ 0x00000001064e0e64 [0x00000001064e0be0+0x284]
J 4698 C2 org.apache.ivy.core.resolve.ResolveEngine.fetchDependencies(Lorg/apache/ivy/core/resolve/VisitNode;Ljava/lang/String;Z)V (498 bytes) @ 0x0000000106510028 [0x000000010650f2c0+0xd68]
J 4677 C2 org.apache.ivy.core.resolve.ResolveEngine.doFetchDependencies(Lorg/apache/ivy/core/resolve/VisitNode;Ljava/lang/String;)V (339 bytes) @ 0x00000001064e114c [0x00000001064e0be0+0x56c]
J 4698 C2 org.apache.ivy.core.resolve.ResolveEngine.fetchDependencies(Lorg/apache/ivy/core/resolve/VisitNode;Ljava/lang/String;Z)V (498 bytes) @ 0x0000000106510028 [0x000000010650f2c0+0xd68]
J 4677 C2 org.apache.ivy.core.resolve.ResolveEngine.doFetchDependencies(Lorg/apache/ivy/core/resolve/VisitNode;Ljava/lang/String;)V (339 bytes) @ 0x00000001064e1744 [0x00000001064e0be0+0xb64]
J 4698 C2 org.apache.ivy.core.resolve.ResolveEngine.fetchDependencies(Lorg/apache/ivy/core/resolve/VisitNode;Ljava/lang/String;Z)V (498 bytes) @ 0x000000010650fe40 [0x000000010650f2c0+0xb80]
J 4677 C2 org.apache.ivy.core.resolve.ResolveEngine.doFetchDependencies(Lorg/apache/ivy/core/resolve/VisitNode;Ljava/lang/String;)V (339 bytes) @ 0x00000001064e0e64 [0x00000001064e0be0+0x284]
J 4698 C2 org.apache.ivy.core.resolve.ResolveEngine.fetchDependencies(Lorg/apache/ivy/core/resolve/VisitNode;Ljava/lang/String;Z)V (498 bytes) @ 0x000000010650fe40 [0x000000010650f2c0+0xb80]
J 4677 C2 org.apache.ivy.core.resolve.ResolveEngine.doFetchDependencies(Lorg/apache/ivy/core/resolve/VisitNode;Ljava/lang/String;)V (339 bytes) @ 0x00000001064e0e64 [0x00000001064e0be0+0x284]
J 4698 C2 org.apache.ivy.core.resolve.ResolveEngine.fetchDependencies(Lorg/apache/ivy/core/resolve/VisitNode;Ljava/lang/String;Z)V (498 bytes) @ 0x0000000106510028 [0x000000010650f2c0+0xd68]
J 5438 C2 org.apache.ivy.core.resolve.ResolveEngine.getDependencies(Lorg/apache/ivy/core/module/descriptor/ModuleDescriptor;Lorg/apache/ivy/core/resolve/ResolveOptions;Lorg/apache/ivy/core/report/ResolveReport;)[Lorg/apache/ivy/core/resolve/IvyNode; (719 bytes) @ 0x00000001066d4880 [0x00000001066d2320+0x2560]
j  org.apache.ivy.core.resolve.ResolveEngine.resolve(Lorg/apache/ivy/core/module/descriptor/ModuleDescriptor;Lorg/apache/ivy/core/resolve/ResolveOptions;)Lorg/apache/ivy/core/report/ResolveReport;+304
j  org.apache.ivy.Ivy.resolve(Lorg/apache/ivy/core/module/descriptor/ModuleDescriptor;Lorg/apache/ivy/core/resolve/ResolveOptions;)Lorg/apache/ivy/core/report/ResolveReport;+10
j  sbt.IvyActions$.sbt$IvyActions$$resolve(Lscala/Enumeration$Value;Lorg/apache/ivy/Ivy;Lorg/apache/ivy/core/module/descriptor/DefaultModuleDescriptor;Ljava/lang/String;)Lscala/Tuple2;+57
j  sbt.IvyActions$$anonfun$update$1.apply(Lorg/apache/ivy/Ivy;Lorg/apache/ivy/core/module/descriptor/DefaultModuleDescriptor;Ljava/lang/String;)Lsbt/UpdateReport;+63
j  sbt.IvyActions$$anonfun$update$1.apply(Ljava/lang/Object;Ljava/lang/Object;Ljava/lang/Object;)Ljava/lang/Object;+13
j  sbt.IvySbt$Module$$anonfun$withModule$1.apply(Lorg/apache/ivy/Ivy;)Ljava/lang/Object;+19
j  sbt.IvySbt$Module$$anonfun$withModule$1.apply(Ljava/lang/Object;)Ljava/lang/Object;+5
j  sbt.IvySbt$$anonfun$withIvy$1.apply()Ljava/lang/Object;+44
j  sbt.IvySbt.sbt$IvySbt$$action$1(Lorg/apache/ivy/util/MessageLogger;Lscala/Function0;)Ljava/lang/Object;+16
j  sbt.IvySbt$$anon$3.call()Ljava/lang/Object;+12
j  xsbt.boot.Locks$GlobalLock.withChannel$1(Ljava/nio/channels/FileChannel;Ljava/util/concurrent/Callable;)Ljava/lang/Object;+61
j  xsbt.boot.Locks$GlobalLock.xsbt$boot$Locks$GlobalLock$$withChannelRetries$1(ILjava/nio/channels/FileChannel;Ljava/util/concurrent/Callable;)Ljava/lang/Object;+3
j  xsbt.boot.Locks$GlobalLock$$anonfun$withFileLock$1.apply(Ljava/lang/Object;)Ljava/lang/Object;+17
j  xsbt.boot.Using$.withResource(Ljava/io/Closeable;Lscala/Function1;)Ljava/lang/Object;+2
j  xsbt.boot.Using$.apply(Ljava/io/Closeable;Lscala/Function1;)Ljava/lang/Object;+2
j  xsbt.boot.Locks$GlobalLock.ignoringDeadlockAvoided(Ljava/util/concurrent/Callable;)Ljava/lang/Object;+40
j  xsbt.boot.Locks$GlobalLock.withLock(Ljava/util/concurrent/Callable;)Ljava/lang/Object;+21
j  xsbt.boot.Locks$.apply0(Ljava/io/File;Ljava/util/concurrent/Callable;)Ljava/lang/Object;+41
j  xsbt.boot.Locks$.apply(Ljava/io/File;Ljava/util/concurrent/Callable;)Ljava/lang/Object;+14
j  sbt.IvySbt.withDefaultLogger(Lorg/apache/ivy/util/MessageLogger;Lscala/Function0;)Ljava/lang/Object;+49
j  sbt.IvySbt.withIvy(Lorg/apache/ivy/util/MessageLogger;Lscala/Function1;)Ljava/lang/Object;+12
j  sbt.IvySbt.withIvy(Lsbt/Logger;Lscala/Function1;)Ljava/lang/Object;+10
j  sbt.IvySbt$Module.withModule(Lsbt/Logger;Lscala/Function3;)Ljava/lang/Object;+14
j  sbt.IvyActions$.update(Lsbt/IvySbt$Module;Lsbt/UpdateConfiguration;Lsbt/Logger;)Lsbt/UpdateReport;+11
j  sbt.Classpaths$$anonfun$sbt$Classpaths$$work$1$1.apply(Lsbt/HCons;)Lsbt/UpdateReport;+110
j  sbt.Classpaths$$anonfun$sbt$Classpaths$$work$1$1.apply(Ljava/lang/Object;)Ljava/lang/Object;+5
j  sbt.Classpaths$$anonfun$doWork$1$1$$anonfun$74.apply(Lsbt/HCons;Lscala/Option;)Lsbt/UpdateReport;+122
j  sbt.Classpaths$$anonfun$doWork$1$1$$anonfun$74.apply(Ljava/lang/Object;Ljava/lang/Object;)Ljava/lang/Object;+9
j  sbt.Tracked$$anonfun$lastOutput$1.apply(Ljava/lang/Object;)Ljava/lang/Object;+25
j  sbt.Classpaths$$anonfun$doWork$1$1.apply(ZLsbt/HCons;)Lsbt/UpdateReport;+58
j  sbt.Classpaths$$anonfun$doWork$1$1.apply(Ljava/lang/Object;Ljava/lang/Object;)Ljava/lang/Object;+9
j  sbt.Tracked$$anonfun$inputChanged$1.apply(Ljava/lang/Object;)Ljava/lang/Object;+39
j  sbt.Classpaths$.cachedUpdate(Ljava/io/File;Ljava/lang/String;Lsbt/IvySbt$Module;Lsbt/UpdateConfiguration;Lscala/Function1;ZZZLsbt/Logger;)Lsbt/UpdateReport;+102
j  sbt.Classpaths$$anonfun$updateTask$1.apply(Lsbt/KCons;)Lsbt/UpdateReport;+418
j  sbt.Classpaths$$anonfun$updateTask$1.apply(Ljava/lang/Object;)Ljava/lang/Object;+5
J 3783 C2 scala.Function1$$anonfun$compose$1.apply(Ljava/lang/Object;)Ljava/lang/Object; (20 bytes) @ 0x0000000105f69808 [0x0000000105f697a0+0x68]
j  sbt.$tilde$greater$$anonfun$$u2219$1.apply(Ljava/lang/Object;)Ljava/lang/Object;+13
j  sbt.std.Transform$$anon$4.work(Ljava/lang/Object;)Lscala/util/Either;+5
j  sbt.Execute$$anonfun$submit$1$$anonfun$apply$1.apply()Lscala/util/Either;+14
j  sbt.Execute$$anonfun$submit$1$$anonfun$apply$1.apply()Ljava/lang/Object;+1
j  sbt.ErrorHandling$.wideConvert(Lscala/Function0;)Lscala/util/Either;+7
j  sbt.Execute.work(Ljava/lang/Object;Lscala/Function0;Lsbt/CompletionService;)Lsbt/Completed;+14
j  sbt.Execute$$anonfun$submit$1.apply()Lsbt/Completed;+20
j  sbt.Execute$$anonfun$submit$1.apply()Ljava/lang/Object;+1
j  sbt.ConcurrentRestrictions$$anon$4$$anonfun$1.apply()Ljava/lang/Object;+4
j  sbt.CompletionService$$anon$2.call()Ljava/lang/Object;+4
j  java.util.concurrent.FutureTask.run()V+42
j  java.util.concurrent.Executors$RunnableAdapter.call()Ljava/lang/Object;+4
j  java.util.concurrent.FutureTask.run()V+42
J 4159 C2 java.util.concurrent.ThreadPoolExecutor.runWorker(Ljava/util/concurrent/ThreadPoolExecutor$Worker;)V (225 bytes) @ 0x0000000106346144 [0x0000000106345e20+0x324]
j  java.util.concurrent.ThreadPoolExecutor$Worker.run()V+5
j  java.lang.Thread.run()V+11
v  ~StubRoutines::call_stub

---------------  P R O C E S S  ---------------

Java Threads: ( => current thread )
  0x00007ff5f09b9800 JavaThread "Keep-Alive-Timer" daemon [_thread_blocked, id=26135, stack(0x0000000110298000,0x0000000110398000)]
  0x00007ff5ed0b0800 JavaThread "pool-4-thread-21" [_thread_blocked, id=24423, stack(0x0000000110ad4000,0x0000000110bd4000)]
  0x00007ff5ed0af800 JavaThread "pool-4-thread-20" [_thread_blocked, id=29019, stack(0x000000011049d000,0x000000011059d000)]
  0x00007ff5ead6b000 JavaThread "pool-4-thread-18" [_thread_blocked, id=22291, stack(0x00000001112eb000,0x00000001113eb000)]
  0x00007ff5ed851000 JavaThread "pool-4-thread-17" [_thread_blocked, id=23827, stack(0x00000001111e8000,0x00000001112e8000)]
  0x00007ff5ed831800 JavaThread "pool-4-thread-16" [_thread_blocked, id=23571, stack(0x0000000110f9d000,0x000000011109d000)]
  0x00007ff5ed83e000 JavaThread "pool-4-thread-15" [_thread_blocked, id=28451, stack(0x0000000110e9a000,0x0000000110f9a000)]
  0x00007ff5ef3dd000 JavaThread "pool-4-thread-14" [_thread_blocked, id=24599, stack(0x0000000110bd7000,0x0000000110cd7000)]
  0x00007ff5efe36800 JavaThread "pool-4-thread-12" [_thread_blocked, id=25379, stack(0x000000011092d000,0x0000000110a2d000)]
=>0x00007ff5ef0b3000 JavaThread "pool-4-thread-4" [_thread_in_native, id=17431, stack(0x0000000110d97000,0x0000000110e97000)]
  0x00007ff5ea003000 JavaThread "Service Thread" daemon [_thread_blocked, id=21251, stack(0x000000010f55e000,0x000000010f65e000)]
  0x00007ff5e981e800 JavaThread "C2 CompilerThread1" daemon [_thread_blocked, id=20739, stack(0x000000010f45b000,0x000000010f55b000)]
  0x00007ff5ec037000 JavaThread "C2 CompilerThread0" daemon [_thread_blocked, id=20227, stack(0x000000010f358000,0x000000010f458000)]
  0x00007ff5ec032000 JavaThread "Signal Dispatcher" daemon [_thread_blocked, id=19715, stack(0x000000010f255000,0x000000010f355000)]
  0x00007ff5ec000000 JavaThread "Finalizer" daemon [_thread_blocked, id=14595, stack(0x000000010f013000,0x000000010f113000)]
  0x00007ff5eb802000 JavaThread "Reference Handler" daemon [_thread_blocked, id=14083, stack(0x000000010ef10000,0x000000010f010000)]
  0x00007ff5e980d800 JavaThread "main" [_thread_blocked, id=3339, stack(0x0000000105a60000,0x0000000105b60000)]

Other Threads:
  0x00007ff5ea840800 VMThread [stack: 0x000000010ee0d000,0x000000010ef0d000] [id=13571]
  0x00007ff5e9810000 WatcherThread [stack: 0x000000010f661000,0x000000010f761000] [id=21763]

VM state:not at safepoint (normal execution)

VM Mutex/Monitor currently owned by a thread: None

Heap
 PSYoungGen      total 478208K, used 437542K [0x00000007e0000000, 0x0000000800000000, 0x0000000800000000)
  eden space 457728K, 94% used [0x00000007e0000000,0x00000007fa6b5ab8,0x00000007fbf00000)
  from space 20480K, 22% used [0x00000007fd700000,0x00000007fdb94010,0x00000007feb00000)
  to   space 24576K, 0% used [0x00000007fbf00000,0x00000007fbf00000,0x00000007fd700000)
 ParOldGen       total 349696K, used 151668K [0x00000007a0000000, 0x00000007b5580000, 0x00000007e0000000)
  object space 349696K, 43% used [0x00000007a0000000,0x00000007a941d1b8,0x00000007b5580000)
 PSPermGen       total 83968K, used 71886K [0x000000079ae00000, 0x00000007a0000000, 0x00000007a0000000)
  object space 83968K, 85% used [0x000000079ae00000,0x000000079f433ae0,0x00000007a0000000)

Card table byte_map: [0x0000000108c22000,0x0000000108f4c000] byte_map_base: 0x0000000104f4b000

Polling page: 0x0000000103f72000

Code Cache  [0x0000000105b62000, 0x00000001067e2000, 0x0000000108b62000)
 total_blobs=5358 nmethods=4930 adapters=378 free_code_cache=36564Kb largest_free_block=37260480

Compilation events (10 events):
Event: 943.404 Thread 0x00007ff5ec037000 5784             com.sun.org.apache.xerces.internal.impl.XMLEntityManager::getEntityStore (5 bytes)
Event: 943.404 Thread 0x00007ff5ec037000 nmethod 5784 0x0000000106240d10 code [0x0000000106240e40, 0x0000000106240eb8]
Event: 943.475 Thread 0x00007ff5e981e800 5786             com.sun.org.apache.xerces.internal.parsers.BasicParserConfiguration::checkFeature (48 bytes)
Event: 943.477 Thread 0x00007ff5e981e800 nmethod 5786 0x00000001062cde50 code [0x00000001062cdfc0, 0x00000001062ce138]
Event: 943.510 Thread 0x00007ff5ec037000 5788             java.lang.Boolean::toString (15 bytes)
Event: 943.510 Thread 0x00007ff5ec037000 nmethod 5788 0x00000001062cdc50 code [0x00000001062cdd80, 0x00000001062cddf8]
Event: 943.517 Thread 0x00007ff5e981e800 5789             com.sun.org.apache.xerces.internal.util.SymbolHash::put (71 bytes)
Event: 943.521 Thread 0x00007ff5e981e800 nmethod 5789 0x0000000106695590 code [0x0000000106695700, 0x0000000106695af8]
Event: 943.526 Thread 0x00007ff5ec037000 5790             java.text.ParsePosition::<init> (20 bytes)
Event: 943.526 Thread 0x00007ff5ec037000 nmethod 5790 0x00000001062cda50 code [0x00000001062cdb80, 0x00000001062cdbf8]

GC Heap History (10 events):
Event: 936.220 GC heap before
{Heap before GC invocations=39 (full 1):
 PSYoungGen      total 352256K, used 326144K [0x00000007e0000000, 0x00000007fbf00000, 0x0000000800000000)
  eden space 321024K, 100% used [0x00000007e0000000,0x00000007f3980000,0x00000007f3980000)
  from space 31232K, 16% used [0x00000007f3980000,0x00000007f3e80000,0x00000007f5800000)
  to   space 29696K, 0% used [0x00000007fa200000,0x00000007fa200000,0x00000007fbf00000)
 ParOldGen       total 349696K, used 125455K [0x00000007a0000000, 0x00000007b5580000, 0x00000007e0000000)
  object space 349696K, 35% used [0x00000007a0000000,0x00000007a7a83ff8,0x00000007b5580000)
 PSPermGen       total 83968K, used 71828K [0x000000079ae00000, 0x00000007a0000000, 0x00000007a0000000)
  object space 83968K, 85% used [0x000000079ae00000,0x000000079f4253d0,0x00000007a0000000)
Event: 936.227 GC heap after
Heap after GC invocations=39 (full 1):
 PSYoungGen      total 425984K, used 4992K [0x00000007e0000000, 0x00000007fbc80000, 0x0000000800000000)
  eden space 398848K, 0% used [0x00000007e0000000,0x00000007e0000000,0x00000007f8580000)
  from space 27136K, 18% used [0x00000007fa200000,0x00000007fa6e0000,0x00000007fbc80000)
  to   space 28160K, 0% used [0x00000007f8580000,0x00000007f8580000,0x00000007fa100000)
 ParOldGen       total 349696K, used 129314K [0x00000007a0000000, 0x00000007b5580000, 0x00000007e0000000)
  object space 349696K, 36% used [0x00000007a0000000,0x00000007a7e489e8,0x00000007b5580000)
 PSPermGen       total 83968K, used 71828K [0x000000079ae00000, 0x00000007a0000000, 0x00000007a0000000)
  object space 83968K, 85% used [0x000000079ae00000,0x000000079f4253d0,0x00000007a0000000)
}
Event: 938.656 GC heap before
{Heap before GC invocations=40 (full 1):
 PSYoungGen      total 425984K, used 403840K [0x00000007e0000000, 0x00000007fbc80000, 0x0000000800000000)
  eden space 398848K, 100% used [0x00000007e0000000,0x00000007f8580000,0x00000007f8580000)
  from space 27136K, 18% used [0x00000007fa200000,0x00000007fa6e0000,0x00000007fbc80000)
  to   space 28160K, 0% used [0x00000007f8580000,0x00000007f8580000,0x00000007fa100000)
 ParOldGen       total 349696K, used 129314K [0x00000007a0000000, 0x00000007b5580000, 0x00000007e0000000)
  object space 349696K, 36% used [0x00000007a0000000,0x00000007a7e489e8,0x00000007b5580000)
 PSPermGen       total 83968K, used 71861K [0x000000079ae00000, 0x00000007a0000000, 0x00000007a0000000)
  object space 83968K, 85% used [0x000000079ae00000,0x000000079f42d5f8,0x00000007a0000000)
Event: 938.667 GC heap after
Heap after GC invocations=40 (full 1):
 PSYoungGen      total 427008K, used 10016K [0x00000007e0000000, 0x00000007ffe00000, 0x0000000800000000)
  eden space 398848K, 0% used [0x00000007e0000000,0x00000007e0000000,0x00000007f8580000)
  from space 28160K, 35% used [0x00000007f8580000,0x00000007f8f48000,0x00000007fa100000)
  to   space 26624K, 0% used [0x00000007fe400000,0x00000007fe400000,0x00000007ffe00000)
 ParOldGen       total 349696K, used 133068K [0x00000007a0000000, 0x00000007b5580000, 0x00000007e0000000)
  object space 349696K, 38% used [0x00000007a0000000,0x00000007a81f31b8,0x00000007b5580000)
 PSPermGen       total 83968K, used 71861K [0x000000079ae00000, 0x00000007a0000000, 0x00000007a0000000)
  object space 83968K, 85% used [0x000000079ae00000,0x000000079f42d5f8,0x00000007a0000000)
}
Event: 939.195 GC heap before
{Heap before GC invocations=41 (full 1):
 PSYoungGen      total 427008K, used 408864K [0x00000007e0000000, 0x00000007ffe00000, 0x0000000800000000)
  eden space 398848K, 100% used [0x00000007e0000000,0x00000007f8580000,0x00000007f8580000)
  from space 28160K, 35% used [0x00000007f8580000,0x00000007f8f48000,0x00000007fa100000)
  to   space 26624K, 0% used [0x00000007fe400000,0x00000007fe400000,0x00000007ffe00000)
 ParOldGen       total 349696K, used 133068K [0x00000007a0000000, 0x00000007b5580000, 0x00000007e0000000)
  object space 349696K, 38% used [0x00000007a0000000,0x00000007a81f31b8,0x00000007b5580000)
 PSPermGen       total 83968K, used 71864K [0x000000079ae00000, 0x00000007a0000000, 0x00000007a0000000)
  object space 83968K, 85% used [0x000000079ae00000,0x000000079f42e198,0x00000007a0000000)
Event: 939.202 GC heap after
Heap after GC invocations=41 (full 1):
 PSYoungGen      total 494592K, used 4128K [0x00000007e0000000, 0x00000007ffc80000, 0x0000000800000000)
  eden space 469504K, 0% used [0x00000007e0000000,0x00000007e0000000,0x00000007fca80000)
  from space 25088K, 16% used [0x00000007fe400000,0x00000007fe808000,0x00000007ffc80000)
  to   space 25600K, 0% used [0x00000007fca80000,0x00000007fca80000,0x00000007fe380000)
 ParOldGen       total 349696K, used 139819K [0x00000007a0000000, 0x00000007b5580000, 0x00000007e0000000)
  object space 349696K, 39% used [0x00000007a0000000,0x00000007a888afe8,0x00000007b5580000)
 PSPermGen       total 83968K, used 71864K [0x000000079ae00000, 0x00000007a0000000, 0x00000007a0000000)
  object space 83968K, 85% used [0x000000079ae00000,0x000000079f42e198,0x00000007a0000000)
}
Event: 941.470 GC heap before
{Heap before GC invocations=42 (full 1):
 PSYoungGen      total 494592K, used 473632K [0x00000007e0000000, 0x00000007ffc80000, 0x0000000800000000)
  eden space 469504K, 100% used [0x00000007e0000000,0x00000007fca80000,0x00000007fca80000)
  from space 25088K, 16% used [0x00000007fe400000,0x00000007fe808000,0x00000007ffc80000)
  to   space 25600K, 0% used [0x00000007fca80000,0x00000007fca80000,0x00000007fe380000)
 ParOldGen       total 349696K, used 139819K [0x00000007a0000000, 0x00000007b5580000, 0x00000007e0000000)
  object space 349696K, 39% used [0x00000007a0000000,0x00000007a888afe8,0x00000007b5580000)
 PSPermGen       total 83968K, used 71875K [0x000000079ae00000, 0x00000007a0000000, 0x00000007a0000000)
  object space 83968K, 85% used [0x000000079ae00000,0x000000079f430e48,0x00000007a0000000)
Event: 941.482 GC heap after
Heap after GC invocations=42 (full 1):
 PSYoungGen      total 464384K, used 12448K [0x00000007e0000000, 0x00000007feb00000, 0x0000000800000000)
  eden space 451584K, 0% used [0x00000007e0000000,0x00000007e0000000,0x00000007fb900000)
  from space 12800K, 97% used [0x00000007fca80000,0x00000007fd6a8000,0x00000007fd700000)
  to   space 20480K, 0% used [0x00000007fd700000,0x00000007fd700000,0x00000007feb00000)
 ParOldGen       total 349696K, used 143417K [0x00000007a0000000, 0x00000007b5580000, 0x00000007e0000000)
  object space 349696K, 41% used [0x00000007a0000000,0x00000007a8c0e548,0x00000007b5580000)
 PSPermGen       total 83968K, used 71875K [0x000000079ae00000, 0x00000007a0000000, 0x00000007a0000000)
  object space 83968K, 85% used [0x000000079ae00000,0x000000079f430e48,0x00000007a0000000)
}
Event: 942.057 GC heap before
{Heap before GC invocations=43 (full 1):
 PSYoungGen      total 464384K, used 464032K [0x00000007e0000000, 0x00000007feb00000, 0x0000000800000000)
  eden space 451584K, 100% used [0x00000007e0000000,0x00000007fb900000,0x00000007fb900000)
  from space 12800K, 97% used [0x00000007fca80000,0x00000007fd6a8000,0x00000007fd700000)
  to   space 20480K, 0% used [0x00000007fd700000,0x00000007fd700000,0x00000007feb00000)
 ParOldGen       total 349696K, used 143417K [0x00000007a0000000, 0x00000007b5580000, 0x00000007e0000000)
  object space 349696K, 41% used [0x00000007a0000000,0x00000007a8c0e548,0x00000007b5580000)
 PSPermGen       total 83968K, used 71876K [0x000000079ae00000, 0x00000007a0000000, 0x00000007a0000000)
  object space 83968K, 85% used [0x000000079ae00000,0x000000079f4310f8,0x00000007a0000000)
Event: 942.066 GC heap after
Heap after GC invocations=43 (full 1):
 PSYoungGen      total 478208K, used 4688K [0x00000007e0000000, 0x0000000800000000, 0x0000000800000000)
  eden space 457728K, 0% used [0x00000007e0000000,0x00000007e0000000,0x00000007fbf00000)
  from space 20480K, 22% used [0x00000007fd700000,0x00000007fdb94010,0x00000007feb00000)
  to   space 24576K, 0% used [0x00000007fbf00000,0x00000007fbf00000,0x00000007fd700000)
 ParOldGen       total 349696K, used 151668K [0x00000007a0000000, 0x00000007b5580000, 0x00000007e0000000)
  object space 349696K, 43% used [0x00000007a0000000,0x00000007a941d1b8,0x00000007b5580000)
 PSPermGen       total 83968K, used 71876K [0x000000079ae00000, 0x00000007a0000000, 0x00000007a0000000)
  object space 83968K, 85% used [0x000000079ae00000,0x000000079f4310f8,0x00000007a0000000)
}

Deoptimization events (10 events):
Event: 719.959 Thread 0x00007ff5efb36800 Uncommon trap: reason=class_check action=maybe_recompile pc=0x00000001063d0090 method=org.apache.ivy.core.module.descriptor.MDArtifact.getModuleRevisionId()Lorg/apache/ivy/core/module/id/ModuleRevisionId; @ 4
Event: 748.584 Thread 0x00007ff5ef5ae800 Uncommon trap: reason=null_check action=make_not_entrant pc=0x00000001066f9824 method=com.sun.org.apache.xerces.internal.impl.xs.traversers.XSDHandler.schemaDocument2SystemId(Lcom/sun/org/apache/xerces/internal/impl/xs/traversers/XSDocumentInfo;)Ljava/lan
Event: 810.292 Thread 0x00007ff5ef1bf000 Uncommon trap: reason=unreached action=reinterpret pc=0x0000000105d153b4 method=scala.collection.LinearSeqOptimized$class.sameElements(Lscala/collection/LinearSeqOptimized;Lscala/collection/GenIterable;)Z @ 77
Event: 812.942 Thread 0x00007ff5ead6b000 Uncommon trap: reason=null_check action=make_not_entrant pc=0x00000001067418d0 method=com.sun.org.apache.xerces.internal.impl.xs.SchemaGrammar.getGlobalElementDecl(Ljava/lang/String;Ljava/lang/String;)Lcom/sun/org/apache/xerces/internal/impl/xs/XSElementD
Event: 938.667 Thread 0x00007ff5efe36800 Uncommon trap: reason=null_check action=make_not_entrant pc=0x0000000105f18c64 method=org.apache.ivy.core.module.id.ModuleId.equals(Ljava/lang/Object;)Z @ 1
Event: 939.423 Thread 0x00007ff5ed83e000 Uncommon trap: reason=null_check action=make_not_entrant pc=0x00000001062d5808 method=java.text.SimpleDateFormat.checkNegativeNumberExpression()V @ 40
Event: 941.950 Thread 0x00007ff5ed83e000 Uncommon trap: reason=bimorphic action=maybe_recompile pc=0x0000000106542838 method=org.apache.ivy.plugins.version.ChainVersionMatcher.accept(Lorg/apache/ivy/core/module/id/ModuleRevisionId;Lorg/apache/ivy/core/module/descriptor/ModuleDescriptor;)Z @ 66
Event: 942.014 Thread 0x00007ff5ed83e000 Uncommon trap: reason=bimorphic action=maybe_recompile pc=0x0000000106542838 method=org.apache.ivy.plugins.version.ChainVersionMatcher.accept(Lorg/apache/ivy/core/module/id/ModuleRevisionId;Lorg/apache/ivy/core/module/descriptor/ModuleDescriptor;)Z @ 66
Event: 942.020 Thread 0x00007ff5ed83e000 Uncommon trap: reason=bimorphic action=maybe_recompile pc=0x0000000106542838 method=org.apache.ivy.plugins.version.ChainVersionMatcher.accept(Lorg/apache/ivy/core/module/id/ModuleRevisionId;Lorg/apache/ivy/core/module/descriptor/ModuleDescriptor;)Z @ 66
Event: 942.027 Thread 0x00007ff5ed83e000 Uncommon trap: reason=bimorphic action=maybe_recompile pc=0x0000000106542838 method=org.apache.ivy.plugins.version.ChainVersionMatcher.accept(Lorg/apache/ivy/core/module/id/ModuleRevisionId;Lorg/apache/ivy/core/module/descriptor/ModuleDescriptor;)Z @ 66

Internal exceptions (10 events):
Event: 810.237 Thread 0x00007ff5ef5ae800 Threw 0x00000007e80bc960 at /HUDSON/workspace/7u-2-build-macosx-x86_64/jdk7u60/1081/hotspot/src/share/vm/prims/jvm.cpp:1244
Event: 810.237 Thread 0x00007ff5ef5ae800 Threw 0x00000007e80c1290 at /HUDSON/workspace/7u-2-build-macosx-x86_64/jdk7u60/1081/hotspot/src/share/vm/prims/jvm.cpp:1244
Event: 810.244 Thread 0x00007ff5ef1bf000 Threw 0x00000007e7de3e98 at /HUDSON/workspace/7u-2-build-macosx-x86_64/jdk7u60/1081/hotspot/src/share/vm/prims/jni.cpp:717
Event: 812.942 Thread 0x00007ff5ead6b000 Implicit null exception at 0x0000000106740808 to 0x00000001067418b1
Event: 930.870 Thread 0x00007ff5ed0b0800 Threw 0x00000007e9df6ea0 at /HUDSON/workspace/7u-2-build-macosx-x86_64/jdk7u60/1081/hotspot/src/share/vm/prims/jni.cpp:717
Event: 930.871 Thread 0x00007ff5ead6b000 Threw 0x00000007e96f6300 at /HUDSON/workspace/7u-2-build-macosx-x86_64/jdk7u60/1081/hotspot/src/share/vm/prims/jni.cpp:717
Event: 930.872 Thread 0x00007ff5ed0b0800 Threw 0x00000007e9e03ee8 at /HUDSON/workspace/7u-2-build-macosx-x86_64/jdk7u60/1081/hotspot/src/share/vm/prims/jni.cpp:717
Event: 938.667 Thread 0x00007ff5efe36800 Implicit null exception at 0x0000000105f18a4f to 0x0000000105f18c55
Event: 939.423 Thread 0x00007ff5ed83e000 Implicit null exception at 0x00000001062d5020 to 0x00000001062d57f1
Event: 943.584 Thread 0x00007ff5ef0b3000 Threw 0x00000007fa4c1230 at /HUDSON/workspace/7u-2-build-macosx-x86_64/jdk7u60/1081/hotspot/src/share/vm/prims/jni.cpp:717

Events (10 events):
Event: 942.020 Thread 0x00007ff5ed83e000 DEOPT UNPACKING pc=0x0000000105b9b045 sp=0x0000000110f97a20 mode 2
Event: 942.027 Thread 0x00007ff5ed83e000 Uncommon trap: trap_request=0xffffffc6 fr.pc=0x0000000106542838
Event: 942.027 Thread 0x00007ff5ed83e000 DEOPT PACKING pc=0x0000000106542838 sp=0x0000000110f97ab0
Event: 942.027 Thread 0x00007ff5ed83e000 DEOPT UNPACKING pc=0x0000000105b9b045 sp=0x0000000110f97a60 mode 2
Event: 942.057 Executing VM operation: ParallelGCFailedAllocation
Event: 942.066 Executing VM operation: ParallelGCFailedAllocation done
Event: 942.081 Executing VM operation: RevokeBias
Event: 942.081 Executing VM operation: RevokeBias done
Event: 942.352 Executing VM operation: RevokeBias
Event: 942.352 Executing VM operation: RevokeBias done


Dynamic libraries:
0x000000000bd5f000 	/System/Library/Frameworks/Cocoa.framework/Versions/A/Cocoa
0x000000000bd5f000 	/System/Library/Frameworks/Security.framework/Versions/A/Security
0x000000000bd5f000 	/System/Library/Frameworks/ApplicationServices.framework/Versions/A/ApplicationServices
0x000000000bd5f000 	/usr/lib/libz.1.dylib
0x000000000bd5f000 	/usr/lib/libSystem.B.dylib
0x000000000bd5f000 	/usr/lib/libobjc.A.dylib
0x000000000bd5f000 	/System/Library/Frameworks/CoreFoundation.framework/Versions/A/CoreFoundation
0x000000000bd5f000 	/System/Library/Frameworks/Foundation.framework/Versions/C/Foundation
0x000000000bd5f000 	/System/Library/Frameworks/AppKit.framework/Versions/C/AppKit
0x000000000bd5f000 	/System/Library/Frameworks/CoreData.framework/Versions/A/CoreData
0x000000000bd5f000 	/System/Library/PrivateFrameworks/RemoteViewServices.framework/Versions/A/RemoteViewServices
0x000000000bd5f000 	/System/Library/Frameworks/AudioToolbox.framework/Versions/A/AudioToolbox
0x000000000bd5f000 	/System/Library/Frameworks/AudioUnit.framework/Versions/A/AudioUnit
0x000000000bd5f000 	/System/Library/PrivateFrameworks/DataDetectorsCore.framework/Versions/A/DataDetectorsCore
0x000000000bd5f000 	/System/Library/PrivateFrameworks/DesktopServicesPriv.framework/Versions/A/DesktopServicesPriv
0x000000000bd5f000 	/System/Library/Frameworks/Carbon.framework/Versions/A/Frameworks/HIToolbox.framework/Versions/A/HIToolbox
0x000000000bd5f000 	/System/Library/Frameworks/QuartzCore.framework/Versions/A/QuartzCore
0x000000000bd5f000 	/System/Library/Frameworks/Carbon.framework/Versions/A/Frameworks/SpeechRecognition.framework/Versions/A/SpeechRecognition
0x000000000bd5f000 	/usr/lib/libauto.dylib
0x000000000bd5f000 	/usr/lib/libicucore.A.dylib
0x000000000bd5f000 	/usr/lib/libxml2.2.dylib
0x000000000bd5f000 	/System/Library/PrivateFrameworks/CoreUI.framework/Versions/A/CoreUI
0x000000000bd5f000 	/System/Library/Frameworks/CoreAudio.framework/Versions/A/CoreAudio
0x000000000bd5f000 	/System/Library/Frameworks/DiskArbitration.framework/Versions/A/DiskArbitration
0x000000000bd5f000 	/usr/lib/liblangid.dylib
0x000000000bd5f000 	/System/Library/PrivateFrameworks/MultitouchSupport.framework/Versions/A/MultitouchSupport
0x000000000bd5f000 	/System/Library/Frameworks/IOKit.framework/Versions/A/IOKit
0x000000000bd5f000 	/usr/lib/libDiagnosticMessagesClient.dylib
0x000000000bd5f000 	/System/Library/Frameworks/CoreServices.framework/Versions/A/CoreServices
0x000000000bd5f000 	/System/Library/PrivateFrameworks/PerformanceAnalysis.framework/Versions/A/PerformanceAnalysis
0x000000000bd5f000 	/System/Library/PrivateFrameworks/GenerationalStorage.framework/Versions/A/GenerationalStorage
0x000000000bd5f000 	/System/Library/Frameworks/OpenGL.framework/Versions/A/OpenGL
0x000000000bd5f000 	/System/Library/PrivateFrameworks/Sharing.framework/Versions/A/Sharing
0x000000000bd5f000 	/System/Library/Frameworks/ImageIO.framework/Versions/A/ImageIO
0x000000000bd5f000 	/System/Library/Frameworks/CoreText.framework/Versions/A/CoreText
0x000000000bd5f000 	/System/Library/Frameworks/CoreGraphics.framework/Versions/A/CoreGraphics
0x000000000bd5f000 	/System/Library/PrivateFrameworks/Backup.framework/Versions/A/Backup
0x000000000bd5f000 	/System/Library/Frameworks/CFNetwork.framework/Versions/A/CFNetwork
0x000000000bd5f000 	/System/Library/Frameworks/SystemConfiguration.framework/Versions/A/SystemConfiguration
0x000000000bd5f000 	/usr/lib/libCRFSuite.dylib
0x000000000bd5f000 	/usr/lib/libc++.1.dylib
0x000000000bd5f000 	/usr/lib/libc++abi.dylib
0x000000000bd5f000 	/usr/lib/system/libcache.dylib
0x000000000bd5f000 	/usr/lib/system/libcommonCrypto.dylib
0x000000000bd5f000 	/usr/lib/system/libcompiler_rt.dylib
0x000000000bd5f000 	/usr/lib/system/libcopyfile.dylib
0x000000000bd5f000 	/usr/lib/system/libcorecrypto.dylib
0x000000000bd5f000 	/usr/lib/system/libdispatch.dylib
0x000000000bd5f000 	/usr/lib/system/libdyld.dylib
0x000000000bd5f000 	/usr/lib/system/libkeymgr.dylib
0x000000000bd5f000 	/usr/lib/system/liblaunch.dylib
0x000000000bd5f000 	/usr/lib/system/libmacho.dylib
0x000000000bd5f000 	/usr/lib/system/libquarantine.dylib
0x000000000bd5f000 	/usr/lib/system/libremovefile.dylib
0x000000000bd5f000 	/usr/lib/system/libsystem_asl.dylib
0x000000000bd5f000 	/usr/lib/system/libsystem_blocks.dylib
0x000000000bd5f000 	/usr/lib/system/libsystem_c.dylib
0x000000000bd5f000 	/usr/lib/system/libsystem_configuration.dylib
0x000000000bd5f000 	/usr/lib/system/libsystem_dnssd.dylib
0x000000000bd5f000 	/usr/lib/system/libsystem_info.dylib
0x000000000bd5f000 	/usr/lib/system/libsystem_kernel.dylib
0x000000000bd5f000 	/usr/lib/system/libsystem_m.dylib
0x000000000bd5f000 	/usr/lib/system/libsystem_malloc.dylib
0x000000000bd5f000 	/usr/lib/system/libsystem_network.dylib
0x000000000bd5f000 	/usr/lib/system/libsystem_notify.dylib
0x000000000bd5f000 	/usr/lib/system/libsystem_platform.dylib
0x000000000bd5f000 	/usr/lib/system/libsystem_pthread.dylib
0x000000000bd5f000 	/usr/lib/system/libsystem_sandbox.dylib
0x000000000bd5f000 	/usr/lib/system/libsystem_stats.dylib
0x000000000bd5f000 	/usr/lib/system/libunc.dylib
0x000000000bd5f000 	/usr/lib/system/libunwind.dylib
0x000000000bd5f000 	/usr/lib/system/libxpc.dylib
0x000000000bd5f000 	/usr/lib/libbsm.0.dylib
0x000000000bd5f000 	/usr/lib/libsqlite3.dylib
0x000000000bd5f000 	/usr/lib/libxar.1.dylib
0x000000000bd5f000 	/usr/lib/libpam.2.dylib
0x000000000bd5f000 	/usr/lib/libOpenScriptingUtil.dylib
0x000000000bd5f000 	/usr/lib/libbz2.1.0.dylib
0x000000000bd5f000 	/System/Library/Frameworks/CoreServices.framework/Versions/A/Frameworks/CarbonCore.framework/Versions/A/CarbonCore
0x000000000bd5f000 	/System/Library/Frameworks/CoreServices.framework/Versions/A/Frameworks/Metadata.framework/Versions/A/Metadata
0x000000000bd5f000 	/System/Library/Frameworks/CoreServices.framework/Versions/A/Frameworks/OSServices.framework/Versions/A/OSServices
0x000000000bd5f000 	/System/Library/Frameworks/CoreServices.framework/Versions/A/Frameworks/SearchKit.framework/Versions/A/SearchKit
0x000000000bd5f000 	/System/Library/Frameworks/CoreServices.framework/Versions/A/Frameworks/AE.framework/Versions/A/AE
0x000000000bd5f000 	/System/Library/Frameworks/CoreServices.framework/Versions/A/Frameworks/LaunchServices.framework/Versions/A/LaunchServices
0x000000000bd5f000 	/System/Library/Frameworks/CoreServices.framework/Versions/A/Frameworks/DictionaryServices.framework/Versions/A/DictionaryServices
0x000000000bd5f000 	/System/Library/Frameworks/NetFS.framework/Versions/A/NetFS
0x000000000bd5f000 	/usr/lib/system/libkxld.dylib
0x000000000bd5f000 	/System/Library/PrivateFrameworks/NetAuth.framework/Versions/A/NetAuth
0x000000000bd5f000 	/System/Library/PrivateFrameworks/TCC.framework/Versions/A/TCC
0x000000000bd5f000 	/System/Library/Frameworks/OpenDirectory.framework/Versions/A/Frameworks/CFOpenDirectory.framework/Versions/A/CFOpenDirectory
0x000000000bd5f000 	/System/Library/Frameworks/ServiceManagement.framework/Versions/A/ServiceManagement
0x000000000bd5f000 	/usr/lib/libxslt.1.dylib
0x000000000bd5f000 	/System/Library/Frameworks/Carbon.framework/Versions/A/Frameworks/Ink.framework/Versions/A/Ink
0x000000000bd5f000 	/System/Library/Frameworks/ApplicationServices.framework/Versions/A/Frameworks/ATS.framework/Versions/A/ATS
0x000000000bd5f000 	/System/Library/Frameworks/ApplicationServices.framework/Versions/A/Frameworks/ColorSync.framework/Versions/A/ColorSync
0x000000000bd5f000 	/System/Library/Frameworks/ApplicationServices.framework/Versions/A/Frameworks/HIServices.framework/Versions/A/HIServices
0x000000000bd5f000 	/System/Library/Frameworks/ApplicationServices.framework/Versions/A/Frameworks/LangAnalysis.framework/Versions/A/LangAnalysis
0x000000000bd5f000 	/System/Library/Frameworks/ApplicationServices.framework/Versions/A/Frameworks/PrintCore.framework/Versions/A/PrintCore
0x000000000bd5f000 	/System/Library/Frameworks/ApplicationServices.framework/Versions/A/Frameworks/QD.framework/Versions/A/QD
0x000000000bd5f000 	/System/Library/Frameworks/ApplicationServices.framework/Versions/A/Frameworks/SpeechSynthesis.framework/Versions/A/SpeechSynthesis
0x000000000bd5f000 	/System/Library/Frameworks/IOSurface.framework/Versions/A/IOSurface
0x000000000bd5f000 	/System/Library/Frameworks/Accelerate.framework/Versions/A/Accelerate
0x000000000bd5f000 	/System/Library/Frameworks/Accelerate.framework/Versions/A/Frameworks/vImage.framework/Versions/A/vImage
0x000000000bd5f000 	/System/Library/Frameworks/Accelerate.framework/Versions/A/Frameworks/vecLib.framework/Versions/A/vecLib
0x000000000bd5f000 	/System/Library/Frameworks/Accelerate.framework/Versions/A/Frameworks/vecLib.framework/Versions/A/libvDSP.dylib
0x000000000bd5f000 	/System/Library/Frameworks/Accelerate.framework/Versions/A/Frameworks/vecLib.framework/Versions/A/libvMisc.dylib
0x000000000bd5f000 	/System/Library/Frameworks/Accelerate.framework/Versions/A/Frameworks/vecLib.framework/Versions/A/libLAPACK.dylib
0x000000000bd5f000 	/System/Library/Frameworks/Accelerate.framework/Versions/A/Frameworks/vecLib.framework/Versions/A/libBLAS.dylib
0x000000000bd5f000 	/System/Library/Frameworks/ApplicationServices.framework/Versions/A/Frameworks/ATS.framework/Versions/A/Resources/libFontParser.dylib
0x000000000bd5f000 	/System/Library/Frameworks/ApplicationServices.framework/Versions/A/Frameworks/ATS.framework/Versions/A/Resources/libFontRegistry.dylib
0x000000000bd5f000 	/System/Library/Frameworks/ImageIO.framework/Versions/A/Resources/libJPEG.dylib
0x000000000bd5f000 	/System/Library/Frameworks/ImageIO.framework/Versions/A/Resources/libTIFF.dylib
0x000000000bd5f000 	/System/Library/Frameworks/ImageIO.framework/Versions/A/Resources/libPng.dylib
0x000000000bd5f000 	/System/Library/Frameworks/ImageIO.framework/Versions/A/Resources/libGIF.dylib
0x000000000bd5f000 	/System/Library/Frameworks/ImageIO.framework/Versions/A/Resources/libJP2.dylib
0x000000000bd5f000 	/System/Library/Frameworks/ImageIO.framework/Versions/A/Resources/libRadiance.dylib
0x000000000bd5f000 	/usr/lib/libcups.2.dylib
0x000000000bd5f000 	/System/Library/Frameworks/Kerberos.framework/Versions/A/Kerberos
0x000000000bd5f000 	/System/Library/Frameworks/GSS.framework/Versions/A/GSS
0x000000000bd5f000 	/usr/lib/libresolv.9.dylib
0x000000000bd5f000 	/usr/lib/libiconv.2.dylib
0x000000000bd5f000 	/System/Library/PrivateFrameworks/Heimdal.framework/Versions/A/Heimdal
0x000000000bd5f000 	/System/Library/PrivateFrameworks/TrustEvaluationAgent.framework/Versions/A/TrustEvaluationAgent
0x000000000bd5f000 	/usr/lib/libheimdal-asn1.dylib
0x000000000bd5f000 	/System/Library/Frameworks/OpenDirectory.framework/Versions/A/OpenDirectory
0x000000000bd5f000 	/System/Library/PrivateFrameworks/CommonAuth.framework/Versions/A/CommonAuth
0x000000000bd5f000 	/System/Library/Frameworks/SecurityFoundation.framework/Versions/A/SecurityFoundation
0x000000000bd5f000 	/System/Library/PrivateFrameworks/Bom.framework/Versions/A/Bom
0x000000000bd5f000 	/System/Library/Frameworks/CoreVideo.framework/Versions/A/CoreVideo
0x000000000bd5f000 	/System/Library/Frameworks/QuartzCore.framework/Versions/A/Frameworks/CoreImage.framework/Versions/A/CoreImage
0x000000000bd5f000 	/System/Library/Frameworks/QuartzCore.framework/Versions/A/Frameworks/ScalableUserInterface.framework/Versions/A/ScalableUserInterface
0x000000000bd5f000 	/System/Library/Frameworks/OpenGL.framework/Versions/A/Libraries/libGLU.dylib
0x000000000bd5f000 	/System/Library/Frameworks/OpenGL.framework/Versions/A/Libraries/libGFXShared.dylib
0x000000000bd5f000 	/System/Library/Frameworks/OpenGL.framework/Versions/A/Libraries/libGL.dylib
0x000000000bd5f000 	/System/Library/Frameworks/OpenGL.framework/Versions/A/Libraries/libGLImage.dylib
0x000000000bd5f000 	/System/Library/Frameworks/OpenGL.framework/Versions/A/Libraries/libCVMSPluginSupport.dylib
0x000000000bd5f000 	/System/Library/Frameworks/OpenGL.framework/Versions/A/Libraries/libCoreVMClient.dylib
0x000000000bd5f000 	/System/Library/PrivateFrameworks/FaceCore.framework/Versions/A/FaceCore
0x000000000bd5f000 	/System/Library/PrivateFrameworks/CrashReporterSupport.framework/Versions/A/CrashReporterSupport
0x000000000bd5f000 	/System/Library/Frameworks/OpenCL.framework/Versions/A/OpenCL
0x000000000bd5f000 	/System/Library/PrivateFrameworks/AppleFSCompression.framework/Versions/A/AppleFSCompression
0x000000000bd5f000 	/System/Library/PrivateFrameworks/Ubiquity.framework/Versions/A/Ubiquity
0x000000000bd5f000 	/System/Library/PrivateFrameworks/IconServices.framework/Versions/A/IconServices
0x000000000bd5f000 	/System/Library/PrivateFrameworks/ChunkingLibrary.framework/Versions/A/ChunkingLibrary
0x000000000bd5f000 	/System/Library/PrivateFrameworks/CoreSymbolication.framework/Versions/A/CoreSymbolication
0x000000000bd5f000 	/System/Library/PrivateFrameworks/Symbolication.framework/Versions/A/Symbolication
0x000000000bd5f000 	/System/Library/PrivateFrameworks/DebugSymbols.framework/Versions/A/DebugSymbols
0x0000000105000000 	/Library/Java/JavaVirtualMachines/jdk1.7.0_60.jdk/Contents/Home/jre/lib/server/libjvm.dylib
0x000000000bd5f000 	/usr/lib/libstdc++.6.dylib
0x0000000103f35000 	/Library/Java/JavaVirtualMachines/jdk1.7.0_60.jdk/Contents/Home/jre/lib/libverify.dylib
0x0000000103f42000 	/Library/Java/JavaVirtualMachines/jdk1.7.0_60.jdk/Contents/Home/jre/lib/libjava.dylib
0x0000000103f7c000 	/Library/Java/JavaVirtualMachines/jdk1.7.0_60.jdk/Contents/Home/jre/lib/libzip.dylib
0x000000010f115000 	/System/Library/Frameworks/JavaVM.framework/Frameworks/JavaRuntimeSupport.framework/JavaRuntimeSupport
0x000000010f12d000 	/System/Library/Frameworks/JavaVM.framework/Versions/A/Frameworks/JavaNativeFoundation.framework/Versions/A/JavaNativeFoundation
0x0000000103fee000 	/System/Library/Frameworks/JavaVM.framework/Versions/A/JavaVM
0x000000000bd5f000 	/System/Library/Frameworks/Carbon.framework/Versions/A/Carbon
0x000000010f142000 	/System/Library/PrivateFrameworks/JavaLaunching.framework/Versions/A/JavaLaunching
0x000000000bd5f000 	/System/Library/Frameworks/Carbon.framework/Versions/A/Frameworks/CommonPanels.framework/Versions/A/CommonPanels
0x000000000bd5f000 	/System/Library/Frameworks/Carbon.framework/Versions/A/Frameworks/Help.framework/Versions/A/Help
0x000000000bd5f000 	/System/Library/Frameworks/Carbon.framework/Versions/A/Frameworks/ImageCapture.framework/Versions/A/ImageCapture
0x000000000bd5f000 	/System/Library/Frameworks/Carbon.framework/Versions/A/Frameworks/OpenScripting.framework/Versions/A/OpenScripting
0x000000000bd5f000 	/System/Library/Frameworks/Carbon.framework/Versions/A/Frameworks/Print.framework/Versions/A/Print
0x000000000bd5f000 	/System/Library/Frameworks/Carbon.framework/Versions/A/Frameworks/SecurityHI.framework/Versions/A/SecurityHI
0x000000010f82e000 	/Library/Java/JavaVirtualMachines/jdk1.7.0_60.jdk/Contents/Home/jre/lib/libnet.dylib
0x000000010f88b000 	/Library/Java/JavaVirtualMachines/jdk1.7.0_60.jdk/Contents/Home/jre/lib/libnio.dylib
0x000000010fc6d000 	/Library/Java/JavaVirtualMachines/jdk1.7.0_60.jdk/Contents/Home/jre/lib/libsunec.dylib

VM Arguments:
jvm_args: -Xms512M -Xmx1536M -Xss1M -XX:+CMSClassUnloadingEnabled 
java_command: /usr/local/Cellar/sbt/0.13.5/libexec/sbt-launch.jar
Launcher Type: SUN_STANDARD

Environment Variables:
PATH=/usr/bin:/bin:/usr/sbin:/sbin:/usr/local/bin
SHELL=/bin/bash

Signal Handlers:
SIGSEGV: [libjvm.dylib+0x52b7b1], sa_mask[0]=0xfffefeff, sa_flags=0x00000043
SIGBUS: [libjvm.dylib+0x52b7b1], sa_mask[0]=0xfffefeff, sa_flags=0x00000042
SIGFPE: [libjvm.dylib+0x41e28a], sa_mask[0]=0xfffefeff, sa_flags=0x00000042
SIGPIPE: [libjvm.dylib+0x41e28a], sa_mask[0]=0xfffefeff, sa_flags=0x00000042
SIGXFSZ: [libjvm.dylib+0x41e28a], sa_mask[0]=0xfffefeff, sa_flags=0x00000042
SIGILL: [libjvm.dylib+0x41e28a], sa_mask[0]=0xfffefeff, sa_flags=0x00000042
SIGUSR1: SIG_DFL, sa_mask[0]=0x63807efb, sa_flags=0x00000000
SIGUSR2: [libjvm.dylib+0x41dd7c], sa_mask[0]=0x00000000, sa_flags=0x00000042
SIGHUP: [libjvm.dylib+0x41c00b], sa_mask[0]=0xfffefeff, sa_flags=0x00000042
SIGINT: [libjvm.dylib+0x41c00b], sa_mask[0]=0xfffefeff, sa_flags=0x00000042
SIGTERM: [libjvm.dylib+0x41c00b], sa_mask[0]=0xfffefeff, sa_flags=0x00000042
SIGQUIT: [libjvm.dylib+0x41c00b], sa_mask[0]=0xfffefeff, sa_flags=0x00000042


---------------  S Y S T E M  ---------------

OS:Bsduname:Darwin 13.3.0 Darwin Kernel Version 13.3.0: Tue Jun  3 21:27:35 PDT 2014; root:xnu-2422.110.17~1/RELEASE_X86_64 x86_64
rlimit: STACK 8192k, CORE 0k, NPROC 709, NOFILE 10240, AS infinity
load average:2.39 1.59 1.17

CPU:total 8 (4 cores per cpu, 2 threads per core) family 6 model 70 stepping 1, cmov, cx8, fxsr, mmx, sse, sse2, sse3, ssse3, sse4.1, sse4.2, popcnt, avx, avx2, aes, erms, ht, tsc, tscinvbit

Memory: 4k page, physical 8388608k(2097152k free)

/proc/meminfo:


vm_info: Java HotSpot(TM) 64-Bit Server VM (24.60-b09) for bsd-amd64 JRE (1.7.0_60-b19), built on May  7 2014 12:52:25 by "java_re" with gcc 4.2.1 (Based on Apple Inc. build 5658) (LLVM build 2336.11.00)

time: Fri Jul 25 16:32:52 2014
elapsed time: 943 seconds

